C51 COMPILER V9.60.0.0   MAIN                                                              12/08/2023 20:31:23 PAGE 1   


C51 COMPILER V9.60.0.0, COMPILATION OF MODULE MAIN
OBJECT MODULE PLACED IN .\Out_File\main.obj
COMPILER INVOKED BY: C:\Keil_v5_C51\C51\BIN\C51.EXE USER\main.c LARGE OMF2 OPTIMIZE(8,SPEED) BROWSE INCDIR(..\Libraries\
                    -libraries;..\Libraries\seekfree_libraries;..\Libraries\seekfree_peripheral;..\USER;..\CODE) DEBUG PRINT(.\Out_File\main.
                    -lst) TABS(2) OBJECT(.\Out_File\main.obj)

line level    source

   1          /*********************************************************************************************************
             -************
   2           * COPYRIGHT NOTICE
   3           * Copyright (c) 2020,逐飞科技
   4           * All rights reserved.
   5           * 技术讨论QQ群：一群：179029047(已满)  二群：244861897(已满)  三群：824575535
   6           *
   7           * 以下所有内容版权均属逐飞科技所有，未经允许不得用于商业用途，
   8           * 欢迎各位使用并传播本程序，修改内容时必须保留逐飞科技的版权声明。
   9           *
  10           * @file          main
  11           * @company       成都逐飞科技有限公司
  12           * @author        逐飞科技(QQ790875685)
  13           * @version       查看doc内version文件 版本说明
  14           * @Software    MDK FOR C51 V9.60
  15           * @Target core   STC8G2K64S4
  16           * @Taobao      https://seekfree.taobao.com/
  17           * @date          2020-4-14
  18           *********************************************************************************************************
             -***********/
  19          
  20          #include "headfile.h"
  21          
  22          int time_minute = 19;
  23          int time_second = 0;
  24          
  25          void main()
  26          {
  27   1          DisableGlobalIRQ();
  28   1          board_init();
  29   1          EnableGlobalIRQ();
  30   1      
  31   1          pca_delay_init(); // PCA延时函数初始化
  32   1          uart_init(DEBUG_UART, DEBUG_UART_RX_PIN, DEBUG_UART_TX_PIN, DEBUG_UART_BAUD, DEBUG_UART_TIM);
  33   1          // DEBUG串口（串口1）初始化,波特率115200
  34   1          iic_init(IIC_4, IIC4_SCL_P32, IIC4_SDA_P33, 0xe8);
  35   1          OLED_Init();
  36   1      
  37   1          atk_mw8266d_uart_init(115200);
  38   1      
  39   1          while (1) {
  40   2              pca_delay_ms(500);
  41   2      
  42   2              printf("SEEKFREE Printf Test\r\n");
  43   2          }
  44   1      }


MODULE INFORMATION:   STATIC OVERLAYABLE
   CODE SIZE        =     87    ----
   CONSTANT SIZE    =     23    ----
   XDATA SIZE       =      4    ----
   PDATA SIZE       =   ----    ----
C51 COMPILER V9.60.0.0   MAIN                                                              12/08/2023 20:31:23 PAGE 2   

   DATA SIZE        =   ----    ----
   IDATA SIZE       =   ----    ----
   BIT SIZE         =   ----    ----
   EDATA SIZE       =   ----    ----
   HDATA SIZE       =   ----    ----
   XDATA CONST SIZE =   ----    ----
   FAR CONST SIZE   =   ----    ----
END OF MODULE INFORMATION.


C51 COMPILATION COMPLETE.  0 WARNING(S),  0 ERROR(S)
